# JRE version: OpenJDK Runtime Environment (17.0.10) (build 17.0.10+0--11572160)
# Java VM: OpenJDK 64-Bit Server VM (17.0.10+0--11572160, mixed mode, tiered, compressed oops, compressed class ptrs, g1 gc, windows-amd64)
GC Precious Log:
 CPUs: 12 total, 12 available
 Memory: 5989M
 Large Page Support: Disabled
 NUMA Support: Disabled
 Compressed Oops: Enabled (32-bit)
 Heap Region Size: 1M
 Heap Min Capacity: 8M
 Heap Initial Capacity: 94M
 Heap Max Capacity: 2G
 Pre-touch: Disabled
 Parallel Workers: 10
 Concurrent Workers: 3
 Concurrent Refinement Workers: 10
 Periodic GC: Disabled
Heap:
 garbage-first heap   total 541696K, used 291328K [0x0000000080000000, 0x0000000100000000)
  region size 1024K, 11 young (11264K), 11 survivors (11264K)
 Metaspace       used 234704K, committed 236480K, reserved 1310720K
  class space    used 31486K, committed 32384K, reserved 1048576K
GC Heap History (20 events):
Event: 1565.323 GC heap after
{Heap after GC invocations=99 (full 0):
 garbage-first heap   total 512000K, used 282569K [0x0000000080000000, 0x0000000100000000)
  region size 1024K, 24 young (24576K), 24 survivors (24576K)
 Metaspace       used 196109K, committed 197568K, reserved 1245184K
  class space    used 27202K, committed 27968K, reserved 1048576K
}
Event: 1565.377 GC heap before
{Heap before GC invocations=99 (full 0):
 garbage-first heap   total 512000K, used 283593K [0x0000000080000000, 0x0000000100000000)
  region size 1024K, 25 young (25600K), 24 survivors (24576K)
 Metaspace       used 196205K, committed 197696K, reserved 1245184K
  class space    used 27212K, committed 27968K, reserved 1048576K
}
Event: 1565.606 GC heap after
{Heap after GC invocations=100 (full 0):
 garbage-first heap   total 512000K, used 265294K [0x0000000080000000, 0x0000000100000000)
  region size 1024K, 3 young (3072K), 3 survivors (3072K)
 Metaspace       used 196205K, committed 197696K, reserved 1245184K
  class space    used 27212K, committed 27968K, reserved 1048576K
}
Event: 1568.796 GC heap before
{Heap before GC invocations=100 (full 0):
 garbage-first heap   total 512000K, used 335950K [0x0000000080000000, 0x0000000100000000)
  region size 1024K, 72 young (73728K), 3 survivors (3072K)
 Metaspace       used 204437K, committed 205952K, reserved 1245184K
  class space    used 28204K, committed 28992K, reserved 1048576K
}
Event: 1568.836 GC heap after
{Heap after GC invocations=101 (full 0):
 garbage-first heap   total 512000K, used 265979K [0x0000000080000000, 0x0000000100000000)
  region size 1024K, 3 young (3072K), 3 survivors (3072K)
 Metaspace       used 204437K, committed 205952K, reserved 1245184K
  class space    used 28204K, committed 28992K, reserved 1048576K
}
Event: 1570.847 GC heap before
{Heap before GC invocations=102 (full 0):
 garbage-first heap   total 541696K, used 372475K [0x0000000080000000, 0x0000000100000000)
  region size 1024K, 106 young (108544K), 3 survivors (3072K)
 Metaspace       used 211591K, committed 213120K, reserved 1245184K
  class space    used 29075K, committed 29824K, reserved 1048576K
}
Event: 1570.862 GC heap after
{Heap after GC invocations=103 (full 0):
 garbage-first heap   total 541696K, used 272123K [0x0000000080000000, 0x0000000100000000)
  region size 1024K, 9 young (9216K), 9 survivors (9216K)
 Metaspace       used 211591K, committed 213120K, reserved 1245184K
  class space    used 29075K, committed 29824K, reserved 1048576K
}
Event: 1571.176 GC heap before
{Heap before GC invocations=103 (full 0):
 garbage-first heap   total 541696K, used 288507K [0x0000000080000000, 0x0000000100000000)
  region size 1024K, 26 young (26624K), 9 survivors (9216K)
 Metaspace       used 213273K, committed 214848K, reserved 1245184K
  class space    used 29228K, committed 30016K, reserved 1048576K
}
Event: 1571.248 GC heap after
{Heap after GC invocations=104 (full 0):
 garbage-first heap   total 541696K, used 270078K [0x0000000080000000, 0x0000000100000000)
  region size 1024K, 3 young (3072K), 3 survivors (3072K)
 Metaspace       used 213273K, committed 214848K, reserved 1245184K
  class space    used 29228K, committed 30016K, reserved 1048576K
}
Event: 1571.984 GC heap before
{Heap before GC invocations=104 (full 0):
 garbage-first heap   total 541696K, used 293630K [0x0000000080000000, 0x0000000100000000)
  region size 1024K, 26 young (26624K), 3 survivors (3072K)
 Metaspace       used 216270K, committed 217792K, reserved 1245184K
  class space    used 29632K, committed 30400K, reserved 1048576K
}
Event: 1571.999 GC heap after
{Heap after GC invocations=105 (full 0):
 garbage-first heap   total 541696K, used 270847K [0x0000000080000000, 0x0000000100000000)
  region size 1024K, 3 young (3072K), 3 survivors (3072K)
 Metaspace       used 216270K, committed 217792K, reserved 1245184K
  class space    used 29632K, committed 30400K, reserved 1048576K
}
Event: 1593.691 GC heap before
{Heap before GC invocations=105 (full 0):
 garbage-first heap   total 541696K, used 384511K [0x0000000080000000, 0x0000000100000000)
  region size 1024K, 116 young (118784K), 3 survivors (3072K)
 Metaspace       used 227138K, committed 228672K, reserved 1310720K
  class space    used 30766K, committed 31552K, reserved 1048576K
}
Event: 1594.258 GC heap after
{Heap after GC invocations=106 (full 0):
 garbage-first heap   total 541696K, used 278545K [0x0000000080000000, 0x0000000100000000)
  region size 1024K, 10 young (10240K), 10 survivors (10240K)
 Metaspace       used 227138K, committed 228672K, reserved 1310720K
  class space    used 30766K, committed 31552K, reserved 1048576K
}
Event: 1596.900 GC heap before
{Heap before GC invocations=106 (full 0):
 garbage-first heap   total 541696K, used 310289K [0x0000000080000000, 0x0000000100000000)
  region size 1024K, 40 young (40960K), 10 survivors (10240K)
 Metaspace       used 227306K, committed 228864K, reserved 1310720K
  class space    used 30774K, committed 31552K, reserved 1048576K
}
Event: 1597.013 GC heap after
{Heap after GC invocations=107 (full 0):
 garbage-first heap   total 541696K, used 281328K [0x0000000080000000, 0x0000000100000000)
  region size 1024K, 3 young (3072K), 3 survivors (3072K)
 Metaspace       used 227306K, committed 228864K, reserved 1310720K
  class space    used 30774K, committed 31552K, reserved 1048576K
}
Event: 1606.153 GC heap before
{Heap before GC invocations=108 (full 0):
 garbage-first heap   total 541696K, used 385776K [0x0000000080000000, 0x0000000100000000)
  region size 1024K, 106 young (108544K), 3 survivors (3072K)
 Metaspace       used 231421K, committed 233024K, reserved 1310720K
  class space    used 31050K, committed 31872K, reserved 1048576K
}
Event: 1606.203 GC heap after
{Heap after GC invocations=109 (full 0):
 garbage-first heap   total 541696K, used 292440K [0x0000000080000000, 0x0000000100000000)
  region size 1024K, 14 young (14336K), 14 survivors (14336K)
 Metaspace       used 231421K, committed 233024K, reserved 1310720K
  class space    used 31050K, committed 31872K, reserved 1048576K
}
Event: 1608.443 GC heap before
{Heap before GC invocations=109 (full 0):
 garbage-first heap   total 541696K, used 303704K [0x0000000080000000, 0x0000000100000000)
  region size 1024K, 26 young (26624K), 14 survivors (14336K)
 Metaspace       used 232629K, committed 234176K, reserved 1310720K
  class space    used 31201K, committed 32000K, reserved 1048576K
}
Event: 1608.639 GC heap after
{Heap after GC invocations=110 (full 0):
 garbage-first heap   total 541696K, used 282554K [0x0000000080000000, 0x0000000100000000)
  region size 1024K, 3 young (3072K), 3 survivors (3072K)
 Metaspace       used 232629K, committed 234176K, reserved 1310720K
  class space    used 31201K, committed 32000K, reserved 1048576K
}
Event: 1810.787 GC heap before
{Heap before GC invocations=110 (full 0):
 garbage-first heap   total 541696K, used 416698K [0x0000000080000000, 0x0000000100000000)
  region size 1024K, 135 young (138240K), 3 survivors (3072K)
 Metaspace       used 234704K, committed 236480K, reserved 1310720K
  class space    used 31486K, committed 32384K, reserved 1048576K
}

